<?xml version="1.0" encoding="UTF-8"?>
<!-- Generated by org.testng.reporters.JUnitXMLReporter -->
<testsuite ignored="0" hostname="DESKTOP-BS17UO9" failures="0" tests="6" name="Default test" time="15.436" errors="0" timestamp="2023-07-22T11:05:34 IST">
  <testcase classname="com.ecommerce.test.ParallelTest" name="f1" time="0.015"/>
  <testcase classname="com.ecommerce.test.ParallelTest" name="f2" time="0.004"/>
  <testcase classname="com.ecommerce.test.ParallelTest" name="facebookAccCreation" time="3.164"/>
  <testcase classname="com.ecommerce.test.ParallelTest" name="googleWebsiteTitle" time="2.257"/>
  <testcase classname="com.ecommerce.test.ParallelTest" name="googleAccCreation" time="3.084"/>
  <testcase classname="com.ecommerce.test.ParallelTest" name="googleAccCreation" time="1.782"/>
</testsuite> <!-- Default test -->
